<?xml version="1.0" encoding="UTF-8"?>
<testsuite name="Aula4Tests" tests="1" skipped="0" failures="0" errors="0" timestamp="2023-03-08T20:28:06" hostname="AGWAR" time="0.009">
  <properties/>
  <testcase name="testPath()" classname="Aula4Tests" time="0.009"/>
  <system-out><![CDATA[
]]></system-out>
  <system-err><![CDATA[]]></system-err>
</testsuite>
